<?xml version="1.0" encoding="UTF-8"?>
<testng-results ignored="0" total="1" passed="1" failed="0" skipped="0">
  <reporter-output>
  </reporter-output>
  <suite started-at="2022-08-15T23:16:27 AST" name="Default suite" finished-at="2022-08-15T23:16:32 AST" duration-ms="4818">
    <groups>
    </groups>
    <test started-at="2022-08-15T23:16:27 AST" name="Default test" finished-at="2022-08-15T23:16:32 AST" duration-ms="4818">
      <class name="ass2W10D1.ChromWebDriverAss2W10D1">
        <test-method is-config="true" signature="setUp()[pri:0, instance:ass2W10D1.ChromWebDriverAss2W10D1@6fe7aac8]" started-at="2022-08-15T23:16:22 AST" name="setUp" finished-at="2022-08-15T23:16:27 AST" duration-ms="5008" status="PASS">
          <reporter-output>
          </reporter-output>
        </test-method> <!-- setUp -->
        <test-method signature="TestNG()[pri:0, instance:ass2W10D1.ChromWebDriverAss2W10D1@6fe7aac8]" started-at="2022-08-15T23:16:27 AST" name="TestNG" finished-at="2022-08-15T23:16:32 AST" duration-ms="4681" status="PASS">
          <reporter-output>
          </reporter-output>
        </test-method> <!-- TestNG -->
        <test-method is-config="true" signature="terminateBrowser()[pri:0, instance:ass2W10D1.ChromWebDriverAss2W10D1@6fe7aac8]" started-at="2022-08-15T23:16:32 AST" name="terminateBrowser" finished-at="2022-08-15T23:16:32 AST" duration-ms="424" status="PASS">
          <reporter-output>
          </reporter-output>
        </test-method> <!-- terminateBrowser -->
      </class> <!-- ass2W10D1.ChromWebDriverAss2W10D1 -->
    </test> <!-- Default test -->
  </suite> <!-- Default suite -->
</testng-results>
